<?xml version="1.0" encoding="utf-8"?><testsuites name="pytest tests"><testsuite name="pytest" errors="0" failures="0" skipped="0" tests="13" time="4.085" timestamp="2026-07-06T07:25:11.024110+00:00" hostname="agent-env-4225467a-d3f9-4195-b937-1e981b3b2b0e"><testcase classname="tests.test_certificate_manual_and_edit.TestManualCreate" name="test_manual_create_admin_success_all_fields" time="0.972" /><testcase classname="tests.test_certificate_manual_and_edit.TestEditPersistence" name="test_put_updates_all_fields" time="1.225" /><testcase classname="tests.test_certificate_manual_and_edit.TestManualCreate" name="test_manual_create_autogen_ids" time="0.142" /><testcase classname="tests.test_certificate_manual_and_edit.TestManualCreate" name="test_manual_create_pending_status" time="0.170" /><testcase classname="tests.test_certificate_manual_and_edit.TestEditPersistence" name="test_edits_persist_in_list_view" time="0.097" /><testcase classname="tests.test_certificate_manual_and_edit.TestManualCreate" name="test_manual_create_invalid_status" time="0.141" /><testcase classname="tests.test_certificate_manual_and_edit.TestManualCreate" name="test_manual_create_multiple_certs_same_student" time="0.506" /><testcase classname="tests.test_certificate_manual_and_edit.TestEditPersistence" name="test_put_forbidden_for_non_cert_role" time="0.469" /><testcase classname="tests.test_certificate_manual_and_edit.TestEditPersistence" name="test_download_returns_edited_fields_and_marks_ready" time="0.233" /><testcase classname="tests.test_certificate_manual_and_edit.TestManualCreate" name="test_manual_create_nonexistent_enrollment_ok" time="0.277" /><testcase classname="tests.test_certificate_manual_and_edit.TestEditPersistence" name="test_public_verify_returns_edited_fields" time="0.205" /><testcase classname="tests.test_certificate_manual_and_edit.TestDelete" name="test_delete_manual_cert" time="1.160" /><testcase classname="tests.test_certificate_manual_and_edit.TestManualCreate" name="test_manual_create_non_admin_role_forbidden" time="1.557" /></testsuite></testsuites>