<?xml version="1.0" encoding="utf-8"?><testsuites name="pytest tests"><testsuite name="pytest" errors="0" failures="0" skipped="0" tests="7" time="3.459" timestamp="2026-07-06T08:28:19.542984+00:00" hostname="agent-env-4225467a-d3f9-4195-b937-1e981b3b2b0e"><testcase classname="tests.test_iteration_2_msg91_and_cockpit.TestCounsellorDashboardEnhanced" name="test_enhanced_keys_present" time="0.615" /><testcase classname="tests.test_iteration_2_msg91_and_cockpit.TestMsg91WhatsAppLive" name="test_enquiry_saved_live" time="1.182" /><testcase classname="tests.test_iteration_2_msg91_and_cockpit.TestCounsellorDashboardEnhanced" name="test_scheduled_demos_shape" time="0.127" /><testcase classname="tests.test_iteration_2_msg91_and_cockpit.TestCounsellorDashboardEnhanced" name="test_upcoming_followups_shape" time="0.109" /><testcase classname="tests.test_iteration_2_msg91_and_cockpit.TestCounsellorDashboardEnhanced" name="test_enhanced_forbidden_for_placement_manager" time="0.769" /><testcase classname="tests.test_iteration_2_msg91_and_cockpit.TestMsg91WhatsAppLive" name="test_demo_booked_live" time="1.464" /><testcase classname="tests.test_iteration_2_msg91_and_cockpit.TestMsg91WhatsAppLive" name="test_whatsapp_test_requires_admin" time="0.473" /></testsuite></testsuites>