<?xml version="1.0" encoding="utf-8"?><testsuites name="pytest tests"><testsuite name="pytest" errors="0" failures="0" skipped="0" tests="5" time="2.751" timestamp="2026-07-06T09:33:59.591705+00:00" hostname="agent-env-4225467a-d3f9-4195-b937-1e981b3b2b0e"><testcase classname="tests.test_iteration_3_programs_and_cert.TestPrograms" name="test_programs_ok_and_seed_names" time="0.826" /><testcase classname="tests.test_iteration_3_programs_and_cert.TestCertificateFlow" name="test_get_shows_advanced_excel" time="0.878" /><testcase classname="tests.test_iteration_3_programs_and_cert.TestCertificateFlow" name="test_download_payload_uses_program_name" time="0.611" /><testcase classname="tests.test_iteration_3_programs_and_cert.TestCertificateFlow" name="test_put_update_program_name_persists" time="0.349" /><testcase classname="tests.test_iteration_3_programs_and_cert.TestCertificateFlow" name="test_put_with_empty_training_hours_returns_422" time="0.576" /></testsuite></testsuites>