<?xml version="1.0" encoding="utf-8"?><testsuites name="pytest tests"><testsuite name="pytest" errors="0" failures="0" skipped="0" tests="24" time="16.750" timestamp="2026-05-12T11:46:27.065265+00:00" hostname="agent-env-1d75db84-2406-4197-9844-c3cbf3769d83"><testcase classname="backend.tests.test_iteration_lost_leads_etc.TestWhatsAppDefaults" name="test_default_eti_templates_present" time="0.750" /><testcase classname="backend.tests.test_iteration_lost_leads_etc.TestLostLeads" name="test_get_leads_excludes_lost" time="3.722" /><testcase classname="backend.tests.test_iteration_lost_leads_etc.TestLostLeads" name="test_get_leads_status_lost_includes" time="0.167" /><testcase classname="backend.tests.test_iteration_lost_leads_etc.TestLostLeads" name="test_lost_leads_endpoint_allowed_roles" time="0.271" /><testcase classname="backend.tests.test_iteration_lost_leads_etc.TestLostLeads" name="test_lost_leads_endpoint_admin" time="0.125" /><testcase classname="backend.tests.test_iteration_lost_leads_etc.TestLostLeads" name="test_lost_leads_endpoint_denied_roles" time="0.303" /><testcase classname="backend.tests.test_iteration_lost_leads_etc.TestLostLeads" name="test_restore_from_lost" time="0.222" /><testcase classname="backend.tests.test_iteration_lost_leads_etc.TestLostLeads" name="test_restore_400_when_not_lost" time="0.169" /><testcase classname="backend.tests.test_iteration_lost_leads_etc.TestLostLeads" name="test_restore_denied_for_fde" time="0.104" /><testcase classname="backend.tests.test_iteration_lost_leads_etc.TestDemosToday" name="test_demos_today_admin" time="0.117" /><testcase classname="backend.tests.test_iteration_lost_leads_etc.TestDemosToday" name="test_demos_today_branch_admin" time="0.123" /><testcase classname="backend.tests.test_iteration_lost_leads_etc.TestDemosToday" name="test_demos_today_with_demo_booked_lead" time="0.341" /><testcase classname="backend.tests.test_iteration_lost_leads_etc.TestDemosToday" name="test_demos_today_denied_for_fde" time="0.131" /><testcase classname="backend.tests.test_iteration_lost_leads_etc.TestDemosToday" name="test_demos_today_denied_for_cert_manager" time="0.145" /><testcase classname="backend.tests.test_iteration_lost_leads_etc.TestAIInsights" name="test_ai_insights_counsellor" time="3.813" /><testcase classname="backend.tests.test_iteration_lost_leads_etc.TestAIInsights" name="test_ai_insights_branch_admin" time="4.781" /><testcase classname="backend.tests.test_iteration_lost_leads_etc.TestAIInsights" name="test_ai_insights_denied_for_admin" time="0.146" /><testcase classname="backend.tests.test_iteration_lost_leads_etc.TestCertificateRequestCRUD" name="test_cert_manager_can_edit_name_program_duration" time="0.409" /><testcase classname="backend.tests.test_iteration_lost_leads_etc.TestCertificateRequestCRUD" name="test_cert_request_update_denied_for_counsellor" time="0.123" /><testcase classname="backend.tests.test_iteration_lost_leads_etc.TestCertificateRequestCRUD" name="test_cert_request_delete_denied_for_counsellor" time="0.136" /><testcase classname="backend.tests.test_iteration_lost_leads_etc.TestCertificateRequestCRUD" name="test_cert_request_delete_by_cert_manager" time="0.224" /><testcase classname="backend.tests.test_iteration_lost_leads_etc.TestIncentivePaid" name="test_incentive_paid_by_id" time="0.121" /><testcase classname="backend.tests.test_iteration_lost_leads_etc.TestIncentivePaid" name="test_incentive_paid_by_booking_id_legacy" time="0.111" /><testcase classname="backend.tests.test_iteration_lost_leads_etc.TestIncentivePaid" name="test_incentive_paid_404_for_unknown" time="0.111" /></testsuite></testsuites>